{"/home/mhexsel/git/hba_sql/api-pg-hba/src/inversify.config.ts": {"path":"/home/mhexsel/git/hba_sql/api-pg-hba/src/inversify.config.ts","statementMap":{"0":{"start":{"line":1,"column":0},"end":{"line":1,"column":38}},"1":{"start":{"line":2,"column":0},"end":{"line":2,"column":42}},"2":{"start":{"line":5,"column":0},"end":{"line":5,"column":53}},"3":{"start":{"line":7,"column":0},"end":{"line":7,"column":85}},"4":{"start":{"line":10,"column":0},"end":{"line":10,"column":39}},"5":{"start":{"line":11,"column":0},"end":{"line":11,"column":41}},"6":{"start":{"line":13,"column":36},"end":{"line":13,"column":51}},"7":{"start":{"line":18,"column":9},"end":{"line":18,"column":36}},"8":{"start":{"line":15,"column":0},"end":{"line":15,"column":85}},"9":{"start":{"line":16,"column":0},"end":{"line":16,"column":109}}},"fnMap":{},"branchMap":{},"s":{"0":3,"1":3,"2":3,"3":3,"4":3,"5":3,"6":3,"7":3,"8":3,"9":3},"f":{},"b":{}}
,"/home/mhexsel/git/hba_sql/api-pg-hba/src/inversify.types.ts": {"path":"/home/mhexsel/git/hba_sql/api-pg-hba/src/inversify.types.ts","statementMap":{"0":{"start":{"line":1,"column":14},"end":{"line":4,"column":2}},"1":{"start":{"line":6,"column":9},"end":{"line":6,"column":14}}},"fnMap":{},"branchMap":{},"s":{"0":4,"1":4},"f":{},"b":{}}
,"/home/mhexsel/git/hba_sql/api-pg-hba/src/application/ExpressApp.ts": {"path":"/home/mhexsel/git/hba_sql/api-pg-hba/src/application/ExpressApp.ts","statementMap":{"0":{"start":{"line":1,"column":0},"end":{"line":1,"column":65}},"1":{"start":{"line":2,"column":0},"end":{"line":2,"column":66}},"2":{"start":{"line":3,"column":0},"end":{"line":3,"column":42}},"3":{"start":{"line":5,"column":15},"end":{"line":5,"column":70}},"4":{"start":{"line":6,"column":0},"end":{"line":8,"column":3}},"5":{"start":{"line":7,"column":4},"end":{"line":7,"column":31}},"6":{"start":{"line":10,"column":0},"end":{"line":10,"column":30}}},"fnMap":{"0":{"name":"(anonymous_6)","decl":{"start":{"line":6,"column":17},"end":{"line":6,"column":18}},"loc":{"start":{"line":6,"column":25},"end":{"line":8,"column":1}}}},"branchMap":{},"s":{"0":2,"1":2,"2":2,"3":2,"4":2,"5":2,"6":2},"f":{"0":2},"b":{}}
,"/home/mhexsel/git/hba_sql/api-pg-hba/src/application/HbaRuleController.ts": {"path":"/home/mhexsel/git/hba_sql/api-pg-hba/src/application/HbaRuleController.ts","statementMap":{"0":{"start":{"line":1,"column":0},"end":{"line":1,"column":30}},"1":{"start":{"line":2,"column":0},"end":{"line":2,"column":null}},"2":{"start":{"line":12,"column":0},"end":{"line":12,"column":35}},"3":{"start":{"line":13,"column":0},"end":{"line":13,"column":43}},"4":{"start":{"line":19,"column":0},"end":{"line":94,"column":null}},"5":{"start":{"line":23,"column":8},"end":{"line":23,"column":39}},"6":{"start":{"line":28,"column":8},"end":{"line":28,"column":51}},"7":{"start":{"line":33,"column":24},"end":{"line":33,"column":80}},"8":{"start":{"line":35,"column":8},"end":{"line":38,"column":null}},"9":{"start":{"line":36,"column":12},"end":{"line":36,"column":32}},"10":{"start":{"line":37,"column":12},"end":{"line":37,"column":19}},"11":{"start":{"line":40,"column":8},"end":{"line":40,"column":26}},"12":{"start":{"line":45,"column":31},"end":{"line":54,"column":10}},"13":{"start":{"line":56,"column":8},"end":{"line":56,"column":24}},"14":{"start":{"line":57,"column":8},"end":{"line":59,"column":11}},"15":{"start":{"line":64,"column":32},"end":{"line":64,"column":86}},"16":{"start":{"line":66,"column":8},"end":{"line":69,"column":null}},"17":{"start":{"line":67,"column":12},"end":{"line":67,"column":32}},"18":{"start":{"line":68,"column":12},"end":{"line":68,"column":19}},"19":{"start":{"line":71,"column":8},"end":{"line":71,"column":45}},"20":{"start":{"line":72,"column":8},"end":{"line":72,"column":51}},"21":{"start":{"line":73,"column":8},"end":{"line":73,"column":57}},"22":{"start":{"line":74,"column":8},"end":{"line":74,"column":55}},"23":{"start":{"line":75,"column":8},"end":{"line":75,"column":57}},"24":{"start":{"line":76,"column":8},"end":{"line":76,"column":51}},"25":{"start":{"line":77,"column":8},"end":{"line":77,"column":55}},"26":{"start":{"line":78,"column":8},"end":{"line":78,"column":51}},"27":{"start":{"line":80,"column":8},"end":{"line":80,"column":55}},"28":{"start":{"line":82,"column":8},"end":{"line":82,"column":24}},"29":{"start":{"line":83,"column":8},"end":{"line":85,"column":11}},"30":{"start":{"line":90,"column":8},"end":{"line":90,"column":63}},"31":{"start":{"line":92,"column":8},"end":{"line":92,"column":28}},"32":{"start":{"line":27,"column":4},"end":{"line":29,"column":null}},"33":{"start":{"line":32,"column":4},"end":{"line":41,"column":null}},"34":{"start":{"line":44,"column":4},"end":{"line":60,"column":null}},"35":{"start":{"line":63,"column":4},"end":{"line":86,"column":null}},"36":{"start":{"line":89,"column":4},"end":{"line":93,"column":null}},"37":{"start":{"line":19,"column":13},"end":{"line":94,"column":null}},"38":{"start":{"line":19,"column":13},"end":{"line":19,"column":30}}},"fnMap":{"0":{"name":"(anonymous_12)","decl":{"start":{"line":22,"column":4},"end":{"line":22,"column":17}},"loc":{"start":{"line":22,"column":68},"end":{"line":24,"column":5}}},"1":{"name":"(anonymous_13)","decl":{"start":{"line":27,"column":17},"end":{"line":27,"column":23}},"loc":{"start":{"line":27,"column":57},"end":{"line":29,"column":null}}},"2":{"name":"(anonymous_15)","decl":{"start":{"line":32,"column":17},"end":{"line":32,"column":24}},"loc":{"start":{"line":32,"column":91},"end":{"line":41,"column":null}}},"3":{"name":"(anonymous_17)","decl":{"start":{"line":44,"column":17},"end":{"line":44,"column":23}},"loc":{"start":{"line":44,"column":90},"end":{"line":60,"column":null}}},"4":{"name":"(anonymous_19)","decl":{"start":{"line":63,"column":17},"end":{"line":63,"column":23}},"loc":{"start":{"line":63,"column":90},"end":{"line":86,"column":null}}},"5":{"name":"(anonymous_21)","decl":{"start":{"line":89,"column":17},"end":{"line":89,"column":27}},"loc":{"start":{"line":89,"column":94},"end":{"line":93,"column":null}}}},"branchMap":{"0":{"loc":{"start":{"line":35,"column":8},"end":{"line":38,"column":null}},"type":"if","locations":[{"start":{"line":35,"column":8},"end":{"line":38,"column":null}},{"start":{"line":35,"column":8},"end":{"line":38,"column":null}}]},"1":{"loc":{"start":{"line":66,"column":8},"end":{"line":69,"column":null}},"type":"if","locations":[{"start":{"line":66,"column":8},"end":{"line":69,"column":null}},{"start":{"line":66,"column":8},"end":{"line":69,"column":null}}]}},"s":{"0":4,"1":4,"2":4,"3":4,"4":4,"5":18,"6":2,"7":5,"8":5,"9":2,"10":2,"11":3,"12":4,"13":4,"14":4,"15":3,"16":3,"17":1,"18":1,"19":2,"20":2,"21":2,"22":2,"23":2,"24":2,"25":2,"26":2,"27":2,"28":2,"29":2,"30":2,"31":2,"32":4,"33":4,"34":4,"35":4,"36":4,"37":4,"38":4},"f":{"0":18,"1":2,"2":5,"3":4,"4":3,"5":2},"b":{"0":[2,3],"1":[1,2]}}
,"/home/mhexsel/git/hba_sql/api-pg-hba/src/application/IndexController.ts": {"path":"/home/mhexsel/git/hba_sql/api-pg-hba/src/application/IndexController.ts","statementMap":{"0":{"start":{"line":1,"column":0},"end":{"line":1,"column":30}},"1":{"start":{"line":2,"column":0},"end":{"line":2,"column":50}},"2":{"start":{"line":3,"column":0},"end":{"line":3,"column":93}},"3":{"start":{"line":6,"column":0},"end":{"line":11,"column":null}},"4":{"start":{"line":9,"column":8},"end":{"line":9,"column":71}},"5":{"start":{"line":8,"column":4},"end":{"line":10,"column":null}},"6":{"start":{"line":6,"column":13},"end":{"line":11,"column":null}},"7":{"start":{"line":6,"column":13},"end":{"line":6,"column":28}}},"fnMap":{"0":{"name":"(anonymous_18)","decl":{"start":{"line":8,"column":17},"end":{"line":8,"column":24}},"loc":{"start":{"line":8,"column":91},"end":{"line":10,"column":null}}}},"branchMap":{},"s":{"0":4,"1":4,"2":4,"3":4,"4":2,"5":4,"6":4,"7":4},"f":{"0":2},"b":{}}
,"/home/mhexsel/git/hba_sql/api-pg-hba/src/domain/HbaRuleService.ts": {"path":"/home/mhexsel/git/hba_sql/api-pg-hba/src/domain/HbaRuleService.ts","statementMap":{"0":{"start":{"line":1,"column":0},"end":{"line":1,"column":47}},"1":{"start":{"line":2,"column":0},"end":{"line":2,"column":43}},"2":{"start":{"line":8,"column":0},"end":{"line":35,"column":null}},"3":{"start":{"line":12,"column":8},"end":{"line":12,"column":37}},"4":{"start":{"line":16,"column":8},"end":{"line":16,"column":46}},"5":{"start":{"line":17,"column":8},"end":{"line":17,"column":23}},"6":{"start":{"line":21,"column":8},"end":{"line":21,"column":48}},"7":{"start":{"line":25,"column":8},"end":{"line":25,"column":53}},"8":{"start":{"line":29,"column":8},"end":{"line":29,"column":50}},"9":{"start":{"line":33,"column":8},"end":{"line":33,"column":47}},"10":{"start":{"line":8,"column":21},"end":{"line":35,"column":null}},"11":{"start":{"line":8,"column":21},"end":{"line":8,"column":null}}},"fnMap":{"0":{"name":"(anonymous_11)","decl":{"start":{"line":11,"column":4},"end":{"line":11,"column":17}},"loc":{"start":{"line":11,"column":78},"end":{"line":13,"column":5}}},"1":{"name":"(anonymous_12)","decl":{"start":{"line":15,"column":10},"end":{"line":15,"column":16}},"loc":{"start":{"line":15,"column":38},"end":{"line":18,"column":null}}},"2":{"name":"(anonymous_14)","decl":{"start":{"line":20,"column":10},"end":{"line":20,"column":16}},"loc":{"start":{"line":20,"column":27},"end":{"line":22,"column":null}}},"3":{"name":"(anonymous_16)","decl":{"start":{"line":24,"column":10},"end":{"line":24,"column":16}},"loc":{"start":{"line":24,"column":38},"end":{"line":26,"column":null}}},"4":{"name":"(anonymous_18)","decl":{"start":{"line":28,"column":10},"end":{"line":28,"column":18}},"loc":{"start":{"line":28,"column":29},"end":{"line":30,"column":null}}},"5":{"name":"(anonymous_20)","decl":{"start":{"line":32,"column":10},"end":{"line":32,"column":17}},"loc":{"start":{"line":32,"column":17},"end":{"line":34,"column":null}}}},"branchMap":{},"s":{"0":3,"1":3,"2":3,"3":12,"4":1,"5":1,"6":1,"7":3,"8":4,"9":1,"10":3,"11":3},"f":{"0":12,"1":1,"2":1,"3":3,"4":4,"5":1},"b":{}}
,"/home/mhexsel/git/hba_sql/api-pg-hba/src/infrastructure/SequelizeConnection.ts": {"path":"/home/mhexsel/git/hba_sql/api-pg-hba/src/infrastructure/SequelizeConnection.ts","statementMap":{"0":{"start":{"line":1,"column":0},"end":{"line":1,"column":20}},"1":{"start":{"line":2,"column":0},"end":{"line":2,"column":38}},"2":{"start":{"line":4,"column":0},"end":{"line":4,"column":29}},"3":{"start":{"line":6,"column":0},"end":{"line":8,"column":3}}},"fnMap":{},"branchMap":{},"s":{"0":3,"1":3,"2":3,"3":3},"f":{},"b":{}}
,"/home/mhexsel/git/hba_sql/api-pg-hba/src/infrastructure/SequelizeHbaRuleModelMapping.ts": {"path":"/home/mhexsel/git/hba_sql/api-pg-hba/src/infrastructure/SequelizeHbaRuleModelMapping.ts","statementMap":{"0":{"start":{"line":1,"column":0},"end":{"line":1,"column":56}},"1":{"start":{"line":2,"column":0},"end":{"line":2,"column":45}},"2":{"start":{"line":5,"column":0},"end":{"line":5,"column":21}},"3":{"start":{"line":18,"column":0},"end":{"line":71,"column":2}}},"fnMap":{},"branchMap":{},"s":{"0":3,"1":3,"2":3,"3":3},"f":{},"b":{}}
,"/home/mhexsel/git/hba_sql/api-pg-hba/src/infrastructure/SequelizeHbaRuleRepository.ts": {"path":"/home/mhexsel/git/hba_sql/api-pg-hba/src/infrastructure/SequelizeHbaRuleRepository.ts","statementMap":{"0":{"start":{"line":1,"column":0},"end":{"line":1,"column":39}},"1":{"start":{"line":4,"column":0},"end":{"line":4,"column":74}},"2":{"start":{"line":7,"column":0},"end":{"line":47,"column":null}},"3":{"start":{"line":9,"column":8},"end":{"line":25,"column":10}},"4":{"start":{"line":29,"column":8},"end":{"line":33,"column":11}},"5":{"start":{"line":37,"column":8},"end":{"line":37,"column":66}},"6":{"start":{"line":41,"column":8},"end":{"line":41,"column":63}},"7":{"start":{"line":45,"column":8},"end":{"line":45,"column":60}},"8":{"start":{"line":7,"column":21},"end":{"line":47,"column":null}},"9":{"start":{"line":7,"column":21},"end":{"line":7,"column":null}}},"fnMap":{"0":{"name":"(anonymous_9)","decl":{"start":{"line":8,"column":10},"end":{"line":8,"column":16}},"loc":{"start":{"line":8,"column":38},"end":{"line":26,"column":null}}},"1":{"name":"(anonymous_11)","decl":{"start":{"line":28,"column":10},"end":{"line":28,"column":16}},"loc":{"start":{"line":28,"column":27},"end":{"line":34,"column":null}}},"2":{"name":"(anonymous_13)","decl":{"start":{"line":36,"column":10},"end":{"line":36,"column":16}},"loc":{"start":{"line":36,"column":38},"end":{"line":38,"column":null}}},"3":{"name":"(anonymous_15)","decl":{"start":{"line":40,"column":10},"end":{"line":40,"column":18}},"loc":{"start":{"line":40,"column":29},"end":{"line":42,"column":null}}},"4":{"name":"(anonymous_17)","decl":{"start":{"line":44,"column":10},"end":{"line":44,"column":17}},"loc":{"start":{"line":44,"column":17},"end":{"line":46,"column":null}}}},"branchMap":{},"s":{"0":3,"1":3,"2":3,"3":1,"4":1,"5":3,"6":4,"7":1,"8":3,"9":3},"f":{"0":1,"1":1,"2":3,"3":4,"4":1},"b":{}}
,"/home/mhexsel/git/hba_sql/api-pg-hba/test/fixture/hbaRuleFixtures.ts": {"path":"/home/mhexsel/git/hba_sql/api-pg-hba/test/fixture/hbaRuleFixtures.ts","statementMap":{"0":{"start":{"line":3,"column":0},"end":{"line":24,"column":2}}},"fnMap":{},"branchMap":{},"s":{"0":1},"f":{},"b":{}}
}
