TN:
SF:src/inversify.config.ts
FNF:0
FNH:0
DA:1,3
DA:2,3
DA:5,3
DA:7,3
DA:10,3
DA:11,3
DA:13,3
DA:15,3
DA:16,3
DA:18,3
LF:10
LH:10
BRF:0
BRH:0
end_of_record
TN:
SF:src/inversify.types.ts
FNF:0
FNH:0
DA:1,4
DA:6,4
LF:2
LH:2
BRF:0
BRH:0
end_of_record
TN:
SF:src/application/ExpressApp.ts
FN:6,(anonymous_6)
FNF:1
FNH:1
FNDA:2,(anonymous_6)
DA:1,2
DA:2,2
DA:3,2
DA:5,2
DA:6,2
DA:7,2
DA:10,2
LF:7
LH:7
BRF:0
BRH:0
end_of_record
TN:
SF:src/application/HbaRuleController.ts
FN:22,(anonymous_12)
FN:27,(anonymous_13)
FN:32,(anonymous_15)
FN:44,(anonymous_17)
FN:63,(anonymous_19)
FN:89,(anonymous_21)
FNF:6
FNH:6
FNDA:18,(anonymous_12)
FNDA:2,(anonymous_13)
FNDA:5,(anonymous_15)
FNDA:4,(anonymous_17)
FNDA:3,(anonymous_19)
FNDA:2,(anonymous_21)
DA:1,4
DA:2,4
DA:12,4
DA:13,4
DA:19,4
DA:23,18
DA:27,4
DA:28,2
DA:32,4
DA:33,5
DA:35,5
DA:36,2
DA:37,2
DA:40,3
DA:44,4
DA:45,4
DA:56,4
DA:57,4
DA:63,4
DA:64,3
DA:66,3
DA:67,1
DA:68,1
DA:71,2
DA:72,2
DA:73,2
DA:74,2
DA:75,2
DA:76,2
DA:77,2
DA:78,2
DA:80,2
DA:82,2
DA:83,2
DA:89,4
DA:90,2
DA:92,2
LF:37
LH:37
BRDA:35,0,0,2
BRDA:35,0,1,3
BRDA:66,1,0,1
BRDA:66,1,1,2
BRF:4
BRH:4
end_of_record
TN:
SF:src/application/IndexController.ts
FN:8,(anonymous_18)
FNF:1
FNH:1
FNDA:2,(anonymous_18)
DA:1,4
DA:2,4
DA:3,4
DA:6,4
DA:8,4
DA:9,2
LF:6
LH:6
BRF:0
BRH:0
end_of_record
TN:
SF:src/domain/HbaRuleService.ts
FN:11,(anonymous_11)
FN:15,(anonymous_12)
FN:20,(anonymous_14)
FN:24,(anonymous_16)
FN:28,(anonymous_18)
FN:32,(anonymous_20)
FNF:6
FNH:6
FNDA:12,(anonymous_11)
FNDA:1,(anonymous_12)
FNDA:1,(anonymous_14)
FNDA:3,(anonymous_16)
FNDA:4,(anonymous_18)
FNDA:1,(anonymous_20)
DA:1,3
DA:2,3
DA:8,3
DA:12,12
DA:16,1
DA:17,1
DA:21,1
DA:25,3
DA:29,4
DA:33,1
LF:10
LH:10
BRF:0
BRH:0
end_of_record
TN:
SF:src/infrastructure/SequelizeConnection.ts
FNF:0
FNH:0
DA:1,3
DA:2,3
DA:4,3
DA:6,3
LF:4
LH:4
BRF:0
BRH:0
end_of_record
TN:
SF:src/infrastructure/SequelizeHbaRuleModelMapping.ts
FNF:0
FNH:0
DA:1,3
DA:2,3
DA:5,3
DA:18,3
LF:4
LH:4
BRF:0
BRH:0
end_of_record
TN:
SF:src/infrastructure/SequelizeHbaRuleRepository.ts
FN:8,(anonymous_9)
FN:28,(anonymous_11)
FN:36,(anonymous_13)
FN:40,(anonymous_15)
FN:44,(anonymous_17)
FNF:5
FNH:5
FNDA:1,(anonymous_9)
FNDA:1,(anonymous_11)
FNDA:3,(anonymous_13)
FNDA:4,(anonymous_15)
FNDA:1,(anonymous_17)
DA:1,3
DA:4,3
DA:7,3
DA:9,1
DA:29,1
DA:37,3
DA:41,4
DA:45,1
LF:8
LH:8
BRF:0
BRH:0
end_of_record
TN:
SF:test/fixture/hbaRuleFixtures.ts
FNF:0
FNH:0
DA:3,1
LF:1
LH:1
BRF:0
BRH:0
end_of_record
